<?xml version="1.0" encoding="UTF-8"?>
<!-- Generated by org.testng.reporters.JUnitXMLReporter -->
<testsuite ignored="4" hostname="Shradha" failures="0" tests="0" time="0.009" errors="0" timestamp="2025-01-12T23:58:02 IST">
  <testcase classname="FEATURES.group2" name="TestUserLogin" time="0.0">
    <ignored/>
  </testcase> <!-- TestUserLogin -->
  <testcase classname="FEATURES.group2" name="addcart" time="0.0">
    <ignored/>
  </testcase> <!-- addcart -->
  <testcase classname="FEATURES.group2" name="checkoutprocesss" time="0.0">
    <ignored/>
  </testcase> <!-- checkoutprocesss -->
  <testcase classname="FEATURES.group2" name="productSearch" time="0.0">
    <ignored/>
  </testcase> <!-- productSearch -->
</testsuite>
